
[2021-02-28 14:13:19.923] [info] 
Welcome to test script for Practice Task of Nirikshak Bot (NB) theme.

Connection to CoppeliaSim Remote API Server initiated.
Trying to connect to Remote API Server...

[2021-02-28 14:13:19.991] [info] 
Connected successfully to Remote API Server in CoppeliaSim!

&*@$^23af15ak^$@*&{"ball_1": {"color": "blue", "table_id": 3, "drop": 2}, "ball_2": {"color": "red", "table_id": 1, "drop": 3}, "ball_3": {"color": "red", "table_id": 2, "drop": 1}}^$@*&15ak23af&*@$^

[2021-02-28 14:13:20.527] [info] 
Evaluation started successfully.

[2021-02-28 14:13:20.726] [info] 
Connected successfully to Remote API Server in CoppeliaSim!
Calcute Maze Arrays

============================================

For maze_t1.jpeg

[2021-02-28 14:13:20.814] [info] [[3, 10, 10, 14, 7, 11, 10, 10, 10, 6], [5, 11, 10, 6, 1, 10, 14, 7, 7, 5], [5, 11, 10, 0, 8, 2, 10, 0, 12, 5], [5, 7, 7, 5, 7, 9, 14, 9, 14, 13], [13, 1, 8, 0, 8, 10, 2, 10, 10, 14], [11, 4, 3, 8, 6, 7, 9, 14, 7, 7], [7, 5, 5, 3, 8, 0, 10, 6, 5, 5], [5, 5, 13, 13, 11, 0, 14, 1, 4, 5], [5, 13, 11, 10, 10, 4, 11, 12, 13, 5], [9, 10, 10, 10, 14, 13, 11, 10, 10, 12]]

============================================

For maze_t2.jpeg

[2021-02-28 14:13:20.902] [info] [[3, 10, 10, 14, 7, 11, 10, 10, 10, 6], [5, 3, 6, 11, 4, 7, 11, 2, 14, 5], [5, 5, 1, 14, 1, 8, 10, 8, 6, 5], [5, 13, 1, 10, 0, 10, 10, 6, 13, 13], [13, 11, 0, 6, 5, 11, 6, 9, 10, 14], [11, 2, 4, 5, 1, 14, 1, 10, 14, 7], [7, 13, 5, 13, 1, 2, 8, 2, 6, 5], [5, 3, 8, 14, 13, 1, 14, 5, 13, 5], [5, 9, 10, 14, 11, 4, 11, 8, 14, 5], [9, 10, 10, 10, 14, 13, 11, 10, 10, 12]]

============================================

For maze_t3.jpeg

[2021-02-28 14:13:20.999] [info] [[3, 10, 10, 14, 7, 11, 10, 10, 10, 6], [5, 11, 10, 10, 8, 6, 7, 3, 14, 5], [5, 3, 2, 6, 11, 0, 12, 5, 7, 5], [5, 13, 13, 9, 10, 0, 14, 5, 5, 13], [13, 7, 7, 7, 7, 5, 3, 0, 8, 14], [11, 8, 0, 8, 8, 0, 4, 9, 14, 7], [7, 3, 0, 14, 11, 4, 13, 3, 14, 5], [5, 5, 13, 11, 2, 8, 2, 8, 6, 5], [5, 13, 11, 10, 8, 6, 9, 14, 13, 5], [9, 10, 10, 10, 14, 13, 11, 10, 10, 12]]

============================================

For maze_t4.jpeg

[2021-02-28 14:13:21.055] [info] [[11, 6, 7, 7, 7, 7, 3, 10, 2, 14], [11, 8, 0, 12, 5, 5, 1, 14, 9, 6], [7, 7, 1, 2, 0, 8, 12, 7, 11, 12], [1, 0, 4, 5, 1, 10, 2, 8, 10, 6], [5, 13, 5, 13, 5, 7, 9, 10, 6, 13], [1, 6, 9, 14, 5, 1, 14, 7, 1, 14], [5, 13, 11, 2, 0, 8, 14, 9, 0, 14], [1, 6, 11, 4, 1, 14, 11, 2, 0, 6], [13, 1, 14, 5, 1, 14, 3, 4, 5, 13], [11, 12, 11, 12, 9, 14, 13, 13, 9, 14]]
Sending Data to Maze in Scene
Sending Maze to table_number 1

[2021-02-28 14:13:21.112] [info] Successfully sent maze data to  1
Sending Maze to table_number 2

[2021-02-28 14:13:21.218] [info] Successfully sent maze data to  2
Sending Maze to table_number 3

[2021-02-28 14:13:21.349] [info] Successfully sent maze data to  3
Sending Maze to table_number 4

[2021-02-28 14:13:21.469] [info] Successfully sent maze data to  4

[2021-02-28 14:13:24.788] [info] 
Simulation started correctly in CoppeliaSim.
Started Streaming vision sensor conveyer and disable collision

[2021-02-28 14:13:26.833] [info] Vision Sensor handles  [-1, 32, 75, 77, 30, 34]

[2021-02-28 14:13:26.915] [info] Ball Details: {'red': ['T1_CB3', 'T2_CB1'], 'blue': ['T3_CB2']}
Waiting for ball in vision sensor conveyer
[2021-02-28 14:14:37.066] [info] 
Found blue ball in vision coveyer
Ball details New:  {'red': ['T1_CB3', 'T2_CB1']}
Finding path to T3_CB2 via table 3 to box 2

[2021-02-28 14:14:37.130] [info] Path in table 4:[(0, 5), (1, 5), (2, 5), (2, 4), (2, 3), (2, 2), (3, 2), (3, 1), (3, 0), (4, 0)]
Path in table 3:[(4, 9), (4, 8), (4, 7), (4, 6), (5, 6), (5, 5), (5, 4), (5, 3), (5, 2), (5, 1), (5, 0)]

[2021-02-28 14:14:37.201] [info] Executing process Maze for blue ball 
setup maze 4 for ball to come

[2021-02-28 14:14:38.471] [info] 
============================================

Path sent to drawPath function of Lua script is 

[-0.45, 0.05, -0.35, 0.05, -0.25, 0.05, -0.25, -0.05, -0.25, -0.15, -0.25, -0.25, -0.15, -0.25, -0.15, -0.35, -0.15, -0.45, -0.05, -0.45]

[2021-02-28 14:14:38.606] [info] Checking for ball in table 4
[2021-02-28 14:14:38.843] [info] ball_info[0] =  4 [40, 40]

[2021-02-28 14:14:39.108] [info] ball_info[0] =  4 [40, 40]

[2021-02-28 14:14:39.360] [info] ball_info[0] =  4 [40, 40]

[2021-02-28 14:14:39.590] [info] ball_info[0] =  4 [40, 40]

[2021-02-28 14:14:39.837] [info] ball_info[0] =  4 [40, 40]

[2021-02-28 14:14:40.088] [info] ball_info[0] =  4 [40, 40]

[2021-02-28 14:14:40.327] [info] ball_info[0] =  4 [40, 40]

[2021-02-28 14:14:40.337] [info] 
Ball detected in table 4   shapes: {'Circle': ['blue', 722, 48]}
Calculating pixel path

[2021-02-28 14:14:41.828] [info] Started traversing table :4

[2021-02-28 14:14:41.868] [info] Final Path in Table  4 :  [[703.0, 63.0, 0], [704.0, 64.0, 0], [704.0, 268.8, 1], [704.0, 320.0, 0], [396.8, 320.0, 1], [320.0, 320.0, 0], [320.0, 448.0, 0], [115.2, 448.0, 1], [64.0, 448.0, 0], [64.0, 576.0, 0]]

[2021-02-28 14:14:41.879] [info] Traversing to  [704.0, 64.0]  in table  4 in slow mode

[2021-02-28 14:14:42.111] [info] Traversing to  [704.0, 268.8]  in table  4 in fast mode

[2021-02-28 14:14:57.860] [info] Traversing to  [704.0, 320.0]  in table  4 in slow mode

[2021-02-28 14:15:03.828] [info] Traversing to  [396.8, 320.0]  in table  4 in fast mode

[2021-02-28 14:15:15.435] [info] Traversing to  [320.0, 320.0]  in table  4 in slow mode

[2021-02-28 14:15:20.347] [info] Traversing to  [320.0, 448.0]  in table  4 in slow mode

[2021-02-28 14:15:30.351] [info] Traversing to  [115.2, 448.0]  in table  4 in fast mode

[2021-02-28 14:15:41.194] [info] Traversing to  [64.0, 448.0]  in table  4 in slow mode

[2021-02-28 14:15:45.593] [info] Traversing to  [64.0, 576.0]  in table  4 in slow mode

[2021-02-28 14:15:55.740] [info] out_coord =  [64.0, 576.0]

[2021-02-28 14:15:55.753] [info] Finished Traversing  4

[2021-02-28 14:15:55.888] [info] =====================================================================================
Deleteing Path in table 4

[2021-02-28 14:15:55.999] [info] Starting setup for ball in table 3
setup maze 3 for ball to come

[2021-02-28 14:15:57.709] [info] 
============================================

Path sent to drawPath function of Lua script is 

[-0.05, 0.45, -0.05, 0.35, -0.05, 0.25, -0.05, 0.15, 0.05, 0.15, 0.05, 0.05, 0.05, -0.05, 0.05, -0.15, 0.05, -0.25, 0.05, -0.35, 0.05, -0.45]
[2021-02-28 14:15:57.719] [info] 

[2021-02-28 14:15:57.877] [info] Checking for ball in table 3
[2021-02-28 14:15:58.102] [info] ball_info[0] =  3 [-40, 40]

[2021-02-28 14:15:58.372] [info] ball_info[0] =  3 [-40, 40]

[2021-02-28 14:15:58.620] [info] ball_info[0] =  3 [-40, 40]

[2021-02-28 14:15:58.897] [info] ball_info[0] =  3 [-40, 40]

[2021-02-28 14:15:59.134] [info] ball_info[0] =  3 [-40, 40]

[2021-02-28 14:15:59.392] [info] ball_info[0] =  3 [-40, 40]

[2021-02-28 14:15:59.632] [info] ball_info[0] =  3 [-40, 40]

[2021-02-28 14:15:59.890] [info] ball_info[0] =  3 [-40, 40]

[2021-02-28 14:16:00.167] [info] ball_info[0] =  3 [-40, 40]

[2021-02-28 14:16:00.417] [info] ball_info[0] =  3 [-40, 40]

[2021-02-28 14:16:00.691] [info] ball_info[0] =  3 [-40, 40]

[2021-02-28 14:16:00.964] [info] ball_info[0] =  3 [-40, 40]

[2021-02-28 14:16:01.204] [info] ball_info[0] =  3 [-40, 40]

[2021-02-28 14:16:01.451] [info] ball_info[0] =  3 [-40, 40]

[2021-02-28 14:16:01.693] [info] ball_info[0] =  3 [-40, 40]

[2021-02-28 14:16:01.960] [info] ball_info[0] =  3 [-40, 40]

[2021-02-28 14:16:02.206] [info] ball_info[0] =  3 [-40, 40]

[2021-02-28 14:16:02.437] [info] ball_info[0] =  3 [-40, 40]

[2021-02-28 14:16:02.667] [info] ball_info[0] =  3 [-40, 40]

[2021-02-28 14:16:02.925] [info] ball_info[0] =  3 [-40, 40]

[2021-02-28 14:16:03.154] [info] ball_info[0] =  3 [-40, 40]

[2021-02-28 14:16:03.428] [info] ball_info[0] =  3 [-40, 40]

[2021-02-28 14:16:03.664] [info] ball_info[0] =  3 [-40, 40]

[2021-02-28 14:16:03.918] [info] ball_info[0] =  3 [-40, 40]

[2021-02-28 14:16:04.154] [info] ball_info[0] =  3 [-40, 40]

[2021-02-28 14:16:04.164] [info] 
Ball detected in table 3   shapes: {'Circle': ['blue', 1265, 578]}
Calculating pixel path

[2021-02-28 14:16:05.655] [info] Started traversing table :3

[2021-02-28 14:16:05.745] [info] Final Path in Table  3 :  [[1215.0, 575.0, 0], [1216.0, 576.0, 0], [908.8, 576.0, 1], [832.0, 576.0, 0], [832.0, 704.0, 0], [217.6, 704.0, 1], [64.0, 704.0, 0]]

[2021-02-28 14:16:05.756] [info] Traversing to  [1216.0, 576.0]  in table  3 in slow mode

[2021-02-28 14:16:06.005] [info] Traversing to  [908.8, 576.0]  in table  3 in fast mode

[2021-02-28 14:16:20.327] [info] Traversing to  [832.0, 576.0]  in table  3 in slow mode

[2021-02-28 14:16:25.579] [info] Traversing to  [832.0, 704.0]  in table  3 in slow mode

[2021-02-28 14:16:36.848] [info] Traversing to  [217.6, 704.0]  in table  3 in fast mode

[2021-02-28 14:16:53.648] [info] 
Found red ball in vision coveyer
[2021-02-28 14:16:53.660] [info] 

[2021-02-28 14:16:53.671] [info] Ball details New:  {'red': ['T2_CB1']}
Finding path to T1_CB3 via table 1 to box 3
Path in table 4:[(0, 5), (1, 5), (2, 5), (2, 4), (3, 4), (3, 5), (3, 6), (4, 6), (4, 7), (4, 8), (5, 8), (5, 9)]
Path in table 1:[(5, 0), (5, 1), (4, 1), (4, 2), (4, 3), (5, 3), (5, 4), (6, 4), (6, 5), (7, 5), (8, 5), (9, 5)]
[2021-02-28 14:16:53.682] [info] 

[2021-02-28 14:16:53.815] [info] Executing process Maze for red ball 

[2021-02-28 14:16:53.828] [info] setup maze 4 for ball to come

[2021-02-28 14:16:55.853] [info] 
============================================

Path sent to drawPath function of Lua script is 

[-0.45, 0.05, -0.35, 0.05, -0.25, 0.05, -0.25, -0.05, -0.15, -0.05, -0.15, 0.05, -0.15, 0.15, -0.05, 0.15, -0.05, 0.25, -0.05, 0.35, 0.05, 0.35, 0.05, 0.45]

[2021-02-28 14:16:56.078] [info] Checking for ball in table 4
[2021-02-28 14:16:56.540] [info] ball_info[0] =  4 [40, 40]

[2021-02-28 14:16:57.079] [info] ball_info[0] = 
[2021-02-28 14:16:57.090] [info]  
[2021-02-28 14:16:57.100] [info] 4 
[2021-02-28 14:16:57.111] [info] [40, 40]

[2021-02-28 14:16:57.555] [info] ball_info[0] =  4 [40, 40]

[2021-02-28 14:16:58.099] [info] ball_info[0] = 
[2021-02-28 14:16:58.113] [info]  4 [40, 40]

[2021-02-28 14:16:58.579] [info] ball_info[0] =  4 [40, 40]

[2021-02-28 14:16:59.061] [info] ball_info[0] =  4 [40, 40]

[2021-02-28 14:16:59.544] [info] ball_info[0] =  4 [40, 40]

[2021-02-28 14:17:00.048] [info] ball_info[0] =  4 [40, 40]

[2021-02-28 14:17:00.061] [info] 
Ball detected in table 4   shapes: {'Circle': ['red', 717, 32]}
Calculating pixel path

[2021-02-28 14:17:01.551] [info] Started traversing table :4

[2021-02-28 14:17:01.635] [info] Final Path in Table 
[2021-02-28 14:17:01.647] [info]  
[2021-02-28 14:17:01.656] [info] 4 :  [[703.0, 63.0, 0], [704.0, 64.0, 0], [704.0, 268.8, 1], [704.0, 320.0, 0], [576.0, 320.0, 0], [576.0, 448.0, 0], [780.8, 448.0, 1], [832.0, 448.0, 0], [832.0, 576.0, 0], [1036.8, 576.0, 1], [1088.0, 576.0, 0], [1088.0, 704.0, 0], [1216.0, 704.0, 0]]

[2021-02-28 14:17:01.668] [info] Traversing to  
[2021-02-28 14:17:01.678] [info] [704.0, 64.0] 
[2021-02-28 14:17:01.687] [info]  in table 
[2021-02-28 14:17:01.698] [info]  4 in slow mode

[2021-02-28 14:17:02.174] [info] Traversing to 
[2021-02-28 14:17:02.185] [info]  
[2021-02-28 14:17:02.194] [info] [704.0, 268.8] 
[2021-02-28 14:17:02.205] [info]  in table  
[2021-02-28 14:17:02.214] [info] 4
[2021-02-28 14:17:02.226] [info]  in fast mode

[2021-02-28 14:17:11.052] [info] Traversing to  [64.0, 704.0]  in table  3 in slow mode

[2021-02-28 14:17:19.741] [info] Traversing to  [704.0, 320.0]  in table  4 in slow mode

[2021-02-28 14:17:23.416] [info] out_coord = 
[2021-02-28 14:17:23.430] [info]  [64.0, 704.0]

[2021-02-28 14:17:23.443] [info] Finished Traversing  
[2021-02-28 14:17:23.454] [info] 3

[2021-02-28 14:17:23.681] [info] =====================================================================================
[2021-02-28 14:17:23.691] [info] 
Deleteing Path in table 3

[2021-02-28 14:17:23.885] [info] Sent ball to collection box in table 3

[2021-02-28 14:17:29.153] [info] Traversing to  [576.0, 320.0]  in table  4 in slow mode

[2021-02-28 14:17:38.032] [info] Traversing to  [576.0, 448.0]  in table  4 in slow mode

[2021-02-28 14:17:48.214] [info] Traversing to  [780.8, 448.0]  in table  4 in fast mode

[2021-02-28 14:18:01.659] [info] Traversing to  [832.0, 448.0]  in table  4 in slow mode

[2021-02-28 14:18:06.916] [info] Traversing to  [832.0, 576.0]  in table  4 in slow mode

[2021-02-28 14:18:17.841] [info] Traversing to  [1036.8, 576.0]  in table  4 in fast mode

[2021-02-28 14:18:29.868] [info] Traversing to  [1088.0, 576.0]  in table  4 in slow mode

[2021-02-28 14:18:35.125] [info] Traversing to  [1088.0, 704.0]  in table  4 in slow mode

[2021-02-28 14:18:45.493] [info] Traversing to  [1216.0, 704.0]  in table  4 in slow mode

[2021-02-28 14:18:55.121] [info] out_coord =  [1216.0, 704.0]

[2021-02-28 14:18:55.133] [info] Finished Traversing  4

[2021-02-28 14:18:55.174] [info] =====================================================================================

[2021-02-28 14:18:55.186] [info] Deleteing Path in table 4

[2021-02-28 14:18:55.356] [info] Starting setup for ball in table 1
setup maze 1 for ball to come

[2021-02-28 14:18:57.779] [info] 
============================================

Path sent to drawPath function of Lua script is 

[0.05, -0.45, 0.05, -0.35, -0.05, -0.35, -0.05, -0.25, -0.05, -0.15, 0.05, -0.15, 0.05, -0.05, 0.15, -0.05, 0.15, 0.05, 0.25, 0.05, 0.35, 0.05, 0.45, 0.05]

[2021-02-28 14:18:58.009] [info] Checking for ball in table 1
[2021-02-28 14:18:58.320] [info] ball_info[0] =  1 [40, -40]

[2021-02-28 14:18:58.601] [info] ball_info[0] =  1
[2021-02-28 14:18:58.613] [info]  [40, -40]

[2021-02-28 14:18:58.920] [info] ball_info[0] =  1 [40, -40]

[2021-02-28 14:18:59.247] [info] ball_info[0] =  1 [40, -40]

[2021-02-28 14:18:59.569] [info] ball_info[0] =  1 [40, -40]

[2021-02-28 14:18:59.895] [info] ball_info[0] =  1 [40, -40]

[2021-02-28 14:19:00.230] [info] ball_info[0] =  1 [40, -40]

[2021-02-28 14:19:00.554] [info] ball_info[0] =  1 [40, -40]

[2021-02-28 14:19:00.864] [info] ball_info[0] =  1 
[2021-02-28 14:19:00.876] [info] [40, -40]

[2021-02-28 14:19:01.193] [info] ball_info[0] =  1 
[2021-02-28 14:19:01.207] [info] [40, -40]

[2021-02-28 14:19:01.496] [info] ball_info[0] =  1 [40, -40]

[2021-02-28 14:19:01.791] [info] ball_info[0] =  
[2021-02-28 14:19:01.806] [info] 1 [40, -40]

[2021-02-28 14:19:02.120] [info] ball_info[0] =  1 [40, -40]

[2021-02-28 14:19:02.410] [info] ball_info[0] =  1 [40, -40]

[2021-02-28 14:19:02.716] [info] ball_info[0] =  1 [40, -40]

[2021-02-28 14:19:03.058] [info] ball_info[0] =  1 [40, -40]

[2021-02-28 14:19:03.371] [info] ball_info[0] =  1 [40, -40]

[2021-02-28 14:19:03.666] [info] ball_info[0] =  1
[2021-02-28 14:19:03.677] [info]  [40, -40]

[2021-02-28 14:19:03.998] [info] ball_info[0] =  1 [40, -40]

[2021-02-28 14:19:04.319] [info] ball_info[0] =  1 [40, -40]

[2021-02-28 14:19:04.331] [info] 
Ball detected in table 1   shapes: {'Circle': ['red', 18, 716]}
Calculating pixel path

[2021-02-28 14:19:05.821] [info] Started traversing table :1

[2021-02-28 14:19:05.959] [info] Final Path in Table  1 :  [[63.0, 703.0, 0], [64.0, 704.0, 0], [192.0, 704.0, 0], [192.0, 576.0, 0], [396.8, 576.0, 1], [448.0, 576.0, 0], [448.0, 704.0, 0], [576.0, 704.0, 0], [576.0, 832.0, 0], [704.0, 832.0, 0], [704.0, 1139.2, 1], [704.0, 1216.0, 0]]
Traversing to 
[2021-02-28 14:19:05.971] [info]  [64.0, 704.0]  in table  1 in slow mode

[2021-02-28 14:19:06.262] [info] Traversing to  [192.0, 704.0]  in table  1 in slow mode

[2021-02-28 14:19:13.122] [info] 
Found red ball in vision coveyer
[2021-02-28 14:19:13.132] [info] 
Ball details New:  {}

[2021-02-28 14:19:13.140] [info] Finding path to T2_CB1 via table 2 to box 1

[2021-02-28 14:19:13.149] [info] Path in table 4:[(0, 5), (1, 5), (2, 5), (2, 4), (3, 4), (4, 4), (5, 4), (6, 4), (7, 4), (8, 4), (9, 4)]
Path in table 2:[(0, 4), (1, 4), (2, 4), (3, 4), (3, 5), (3, 6), (3, 7), (4, 7), (4, 8), (4, 9)]
[2021-02-28 14:19:13.158] [info] 

[2021-02-28 14:19:13.254] [info] Executing process Maze for red ball 

[2021-02-28 14:19:13.273] [info] setup maze 4 for ball to comeMax balls for this has passed , stopping vision sensor conveyer stream.

[2021-02-28 14:19:13.285] [info] 

[2021-02-28 14:19:14.324] [info] Traversing to  [192.0, 576.0]  in table  1 in slow mode

[2021-02-28 14:19:15.235] [info] 
============================================

Path sent to drawPath function of Lua script is 

[-0.45, 0.05, -0.35, 0.05, -0.25, 0.05, -0.25, -0.05, -0.15, -0.05, -0.05, -0.05, 0.05, -0.05, 0.15, -0.05, 0.25, -0.05, 0.35, -0.05, 0.45, -0.05]

[2021-02-28 14:19:15.437] [info] Checking for ball in table 4
[2021-02-28 14:19:15.989] [info] ball_info[0] =  4 [40, 40]

[2021-02-28 14:19:16.457] [info] ball_info[0] =  4 [40, 40]

[2021-02-28 14:19:16.936] [info] ball_info[0] =  4 [40, 40]

[2021-02-28 14:19:17.241] [info] ball_info[0] = 
[2021-02-28 14:19:17.252] [info]  
[2021-02-28 14:19:17.262] [info] 4 
[2021-02-28 14:19:17.274] [info] [40, 40]

[2021-02-28 14:19:17.677] [info] ball_info[0] = 
[2021-02-28 14:19:17.688] [info]  
[2021-02-28 14:19:17.702] [info] 4 [40, 40]
[2021-02-28 14:19:17.713] [info] 

[2021-02-28 14:19:18.193] [info] ball_info[0] = 
[2021-02-28 14:19:18.204] [info]  
[2021-02-28 14:19:18.214] [info] 4 
[2021-02-28 14:19:18.224] [info] [40, 40]

[2021-02-28 14:19:18.688] [info] ball_info[0] =  4 [40, 40]

[2021-02-28 14:19:19.117] [info] ball_info[0] =  4 [40, 40]

[2021-02-28 14:19:19.594] [info] ball_info[0] =  4 [40, 40]

[2021-02-28 14:19:19.605] [info] 
Ball detected in table 4   shapes: {'Circle': ['red', 718, 43]}
Calculating pixel path

[2021-02-28 14:19:21.128] [info] Started traversing table :4

[2021-02-28 14:19:21.388] [info] Final Path in Table  4 :  [[703.0, 63.0, 0], [704.0, 64.0, 0], [704.0, 268.8, 1], [704.0, 320.0, 0], [576.0, 320.0, 0], [576.0, 1036.8, 1], [576.0, 1216.0, 0]]

[2021-02-28 14:19:21.399] [info] Traversing to  [704.0, 64.0]  in table  4 in slow mode

[2021-02-28 14:19:21.916] [info] Traversing to  [704.0, 268.8]  in table  4 in fast mode

[2021-02-28 14:19:26.840] [info] Traversing to 
[2021-02-28 14:19:26.852] [info]  [396.8, 576.0]
[2021-02-28 14:19:26.863] [info]   in table  1 in fast mode

[2021-02-28 14:19:39.372] [info] Traversing to 
[2021-02-28 14:19:39.383] [info]  
[2021-02-28 14:19:39.393] [info] [704.0, 320.0]  in table  4 in slow mode

[2021-02-28 14:19:45.624] [info] Traversing to 
[2021-02-28 14:19:45.635] [info]  [448.0, 576.0]  in table  1 in slow mode

[2021-02-28 14:19:48.864] [info] Traversing to  [576.0, 320.0]  in table  4 in slow mode

[2021-02-28 14:19:54.927] [info] Traversing to  [448.0, 704.0]  in table  1 in slow mode

[2021-02-28 14:20:02.636] [info] Traversing to  [576.0, 1036.8]  in table  4 in fast mode
[2021-02-28 14:20:02.649] [info] 

[2021-02-28 14:20:08.286] [info] Traversing to 
[2021-02-28 14:20:08.296] [info]  
[2021-02-28 14:20:08.308] [info] [576.0, 704.0] 
[2021-02-28 14:20:08.318] [info]  in table 
[2021-02-28 14:20:08.331] [info]  1 in slow mode

[2021-02-28 14:20:21.280] [info] Traversing to 
[2021-02-28 14:20:21.290] [info]  
[2021-02-28 14:20:21.301] [info] [576.0, 832.0] 
[2021-02-28 14:20:21.311] [info]  in table  
[2021-02-28 14:20:21.323] [info] 1 in slow mode
[2021-02-28 14:20:21.333] [info] 

[2021-02-28 14:20:23.167] [info] Traversing to  [576.0, 1216.0] 
[2021-02-28 14:20:23.183] [info]  in table  4 in slow mode

[2021-02-28 14:20:34.338] [info] Traversing to  [704.0, 832.0]  in table  1 in slow mode

[2021-02-28 14:20:34.414] [info] out_coord = 
[2021-02-28 14:20:34.425] [info]  
[2021-02-28 14:20:34.434] [info] [576.0, 1216.0]

[2021-02-28 14:20:34.492] [info] Finished Traversing 
[2021-02-28 14:20:34.504] [info]  4

[2021-02-28 14:20:34.690] [info] =====================================================================================
[2021-02-28 14:20:34.701] [info] 
Deleteing Path in table 4

[2021-02-28 14:20:34.883] [info] Starting setup for ball in table 2
[2021-02-28 14:20:34.893] [info] 
setup maze 2 for ball to come

[2021-02-28 14:20:37.705] [info] 
============================================

Path sent to drawPath function of Lua script is 

[-0.45, -0.05, -0.35, -0.05, -0.25, -0.05, -0.15, -0.05, -0.15, 0.05, -0.15, 0.15, -0.15, 0.25, -0.05, 0.25, -0.05, 0.35, -0.05, 0.45]
[2021-02-28 14:20:37.727] [info] 

[2021-02-28 14:20:37.963] [info] Checking for ball in table 2
[2021-02-28 14:20:38.363] [info] ball_info[0] = 
[2021-02-28 14:20:38.375] [info]  2 [40, 40]

[2021-02-28 14:20:38.837] [info] ball_info[0] =  2 [40, 40]

[2021-02-28 14:20:39.317] [info] ball_info[0] = 
[2021-02-28 14:20:39.330] [info]  2 [40, 40]

[2021-02-28 14:20:39.789] [info] ball_info[0] = 
[2021-02-28 14:20:39.801] [info]  2 [40, 40]

[2021-02-28 14:20:40.245] [info] ball_info[0] =  2 [40, 40]

[2021-02-28 14:20:40.727] [info] ball_info[0] = 
[2021-02-28 14:20:40.738] [info]  2 [40, 40]

[2021-02-28 14:20:41.045] [info] ball_info[0] = 
[2021-02-28 14:20:41.056] [info]  
[2021-02-28 14:20:41.065] [info] 2 
[2021-02-28 14:20:41.075] [info] [40, 40]

[2021-02-28 14:20:41.576] [info] ball_info[0] = 
[2021-02-28 14:20:41.585] [info]  
[2021-02-28 14:20:41.595] [info] 2 
[2021-02-28 14:20:41.604] [info] [40, 40]
[2021-02-28 14:20:41.614] [info] 

[2021-02-28 14:20:42.083] [info] ball_info[0] = 
[2021-02-28 14:20:42.093] [info]  
[2021-02-28 14:20:42.103] [info] 2 [40, 40]

[2021-02-28 14:20:42.574] [info] ball_info[0] = 
[2021-02-28 14:20:42.585] [info]  
[2021-02-28 14:20:42.594] [info] 2 
[2021-02-28 14:20:42.605] [info] [40, 40]

[2021-02-28 14:20:43.055] [info] ball_info[0] = 
[2021-02-28 14:20:43.066] [info]  2 [40, 40]

[2021-02-28 14:20:43.572] [info] ball_info[0] = 
[2021-02-28 14:20:43.583] [info]  
[2021-02-28 14:20:43.593] [info] 2 
[2021-02-28 14:20:43.603] [info] [40, 40]

[2021-02-28 14:20:44.089] [info] ball_info[0] = 
[2021-02-28 14:20:44.099] [info]  
[2021-02-28 14:20:44.120] [info] 2 [40, 40]

[2021-02-28 14:20:44.562] [info] ball_info[0] = 
[2021-02-28 14:20:44.573] [info]  
[2021-02-28 14:20:44.583] [info] 2 [40, 40]

[2021-02-28 14:20:45.073] [info] ball_info[0] =  2 [40, 40]

[2021-02-28 14:20:45.496] [info] ball_info[0] =  2 [40, 40]

[2021-02-28 14:20:45.962] [info] ball_info[0] =  2 [40, 40]

[2021-02-28 14:20:45.973] [info] 
Ball detected in table 2   shapes: {'Circle': ['red', 588, 45]}
Calculating pixel path

[2021-02-28 14:20:47.465] [info] Started traversing table :2

[2021-02-28 14:20:47.644] [info] Final Path in Table 
[2021-02-28 14:20:47.653] [info]  
[2021-02-28 14:20:47.663] [info] 2 :  [[575.0, 63.0, 0], [576.0, 64.0, 0], [576.0, 371.2, 1], [576.0, 448.0, 0], [883.2, 448.0, 1], [960.0, 448.0, 0], [960.0, 576.0, 0], [1164.8, 576.0, 1], [1216.0, 576.0, 0]]
Traversing to  
[2021-02-28 14:20:47.673] [info] [576.0, 64.0] 
[2021-02-28 14:20:47.684] [info]  in table  2 in slow mode

[2021-02-28 14:20:48.070] [info] Traversing to 
[2021-02-28 14:20:48.079] [info]  
[2021-02-28 14:20:48.089] [info] [576.0, 371.2]  in table  2 in fast mode

[2021-02-28 14:20:50.684] [info] Traversing to  [704.0, 1139.2] 
[2021-02-28 14:20:50.697] [info]  in table  1 in fast mode

[2021-02-28 14:21:09.640] [info] Traversing to 
[2021-02-28 14:21:09.652] [info]  [576.0, 448.0]  in table  2 in slow mode

[2021-02-28 14:21:12.532] [info] Traversing to  [704.0, 1216.0]  in table  1 in slow mode

[2021-02-28 14:21:20.721] [info] Traversing to 
[2021-02-28 14:21:20.731] [info]  
[2021-02-28 14:21:20.741] [info] [883.2, 448.0]  in table  2
[2021-02-28 14:21:20.758] [info]  in fast mode
[2021-02-28 14:21:20.769] [info] 

[2021-02-28 14:21:22.834] [info] out_coord = 
[2021-02-28 14:21:22.845] [info]  
[2021-02-28 14:21:22.854] [info] [704.0, 1216.0]

[2021-02-28 14:21:22.907] [info] Finished Traversing  1

[2021-02-28 14:21:23.109] [info] =====================================================================================
[2021-02-28 14:21:23.162] [info] 
Deleteing Path in table 1

[2021-02-28 14:21:23.409] [info] Sent ball to collection box in table 1

[2021-02-28 14:21:38.627] [info] Traversing to  [960.0, 448.0]  in table  2 in slow mode

[2021-02-28 14:21:44.850] [info] Traversing to  [960.0, 576.0]  in table  2 in slow mode

[2021-02-28 14:22:05.526] [info] Traversing to  [1164.8, 576.0]  in table  2 in fast mode

[2021-02-28 14:22:22.460] [info] Traversing to  [1216.0, 576.0]  in table  2 in slow mode

[2021-02-28 14:22:29.211] [info] out_coord =  [1216.0, 576.0]

[2021-02-28 14:22:29.221] [info] Finished Traversing  2

[2021-02-28 14:22:29.329] [info] =====================================================================================
Deleteing Path in table 2

[2021-02-28 14:22:29.497] [info] Sent ball to collection box in table 2

[2021-02-28 14:22:39.589] [info] 
Calculated Real-Time Factor (rtf) =  0.5003

[2021-02-28 14:22:49.822] [info] 
[ERROR] Unable to obtain maze images from CoppeliaSim. Try Again.

Evaluation Results: 
$@*^#af2395#^*@${"status": "error", "eval_params": {"global_params": {"sum_CM": 0, "CM_4": 0}, "individual_params": {"ball_1": {"CM_x": 0, "CI": 0, "CP": 0, "CD": 0, "CT_4": 0, "CT_x": 0, "TB_4": 0, "TB_x": 0, "HP": 0}, "ball_2": {"CM_x": 0, "CI": 0, "CP": 0, "CD": 0, "CT_4": 0, "CT_x": 0, "TB_4": 0, "TB_x": 0, "HP": 0}, "ball_3": {"CM_x": 0, "CI": 0, "CP": 0, "CD": 0, "CT_4": 0, "CT_x": 0, "TB_4": 0, "TB_x": 0, "HP": 0}}}}#^*@$9523af$@*^#

[2021-02-28 14:22:59.822] [info] 
'debugging_practice_task.txt' and 'practice_task_output.txt' file was NOT written successfully. Try again.

[2021-02-28 14:23:03.948] [info] 
Disconnected successfully from Remote API Server in CoppeliaSim!

